webdavclient/build/intermediates/manifest_merge_blame_file/debug/manifest-merger-blame-debug-report.txt
1<?xml version="1.0" encoding="utf-8"?>
2<manifest xmlns:android="http://schemas.android.com/apk/res/android"
3    package="com.leohao.android.alistlite.webdav" >
4
5    <uses-sdk
6        android:minSdkVersion="21"
6-->src/main/AndroidManifest.xml
7        android:targetSdkVersion="34" />
7-->src/main/AndroidManifest.xml
8
9    <application>
9-->src/main/AndroidManifest.xml:5:5-15:19
10        <activity
10-->src/main/AndroidManifest.xml:6:9-9:57
11            android:name="com.leohao.android.alistlite.webdav.FileBrowserActivity"
11-->src/main/AndroidManifest.xml:7:13-48
12            android:exported="false"
12-->src/main/AndroidManifest.xml:8:13-37
13            android:theme="@style/Theme.WebDAVClient" />
13-->src/main/AndroidManifest.xml:9:13-54
14        <activity
14-->src/main/AndroidManifest.xml:10:9-14:90
15            android:name="com.leohao.android.alistlite.webdav.VideoPlayerActivity"
15-->src/main/AndroidManifest.xml:11:13-48
16            android:configChanges="orientation|screenSize|screenLayout|keyboardHidden"
16-->src/main/AndroidManifest.xml:14:13-87
17            android:exported="false"
17-->src/main/AndroidManifest.xml:12:13-37
18            android:theme="@style/Theme.WebDAVClient" />
18-->src/main/AndroidManifest.xml:13:13-54
19    </application>
20
21</manifest>